# JRE version: Java(TM) SE Runtime Environment (8.0_191-b12) (build 1.8.0_191-b12)
# Java VM: Java HotSpot(TM) Client VM (25.191-b12 mixed mode windows-x86 )
Heap:
 def new generation   total 82368K, used 10463K [0x05200000, 0x0ab60000, 0x0fca0000)
  eden space 73216K,   1% used [0x05200000, 0x05347e80, 0x09980000)
  from space 9152K, 100% used [0x0a270000, 0x0ab60000, 0x0ab60000)
  to   space 9152K,   0% used [0x09980000, 0x09980000, 0x0a270000)
 tenured generation   total 182960K, used 169418K [0x0fca0000, 0x1af4c000, 0x25200000)
   the space 182960K,  92% used [0x0fca0000, 0x1a212a80, 0x1a212c00, 0x1af4c000)
 Metaspace       used 25586K, capacity 26122K, committed 26240K, reserved 27008K
GC Heap History (10 events):
Event: 13410.390 GC heap before
{Heap before GC invocations=27 (full 3):
 def new generation   total 82368K, used 74637K [0x05200000, 0x0ab60000, 0x0fca0000)
  eden space 73216K, 100% used [0x05200000, 0x09980000, 0x09980000)
  from space 9152K,  15% used [0x09980000, 0x09ae3768, 0x0a270000)
  to   space 9152K,   0% used [0x0a270000, 0x0a270000, 0x0ab60000)
 tenured generation   total 182960K, used 163871K [0x0fca0000, 0x1af4c000, 0x25200000)
   the space 182960K,  89% used [0x0fca0000, 0x19ca7ce8, 0x19ca7e00, 0x1af4c000)
 Metaspace       used 25421K, capacity 25957K, committed 25984K, reserved 25984K
Event: 13410.438 GC heap after
Heap after GC invocations=28 (full 3):
 def new generation   total 82368K, used 1116K [0x05200000, 0x0ab60000, 0x0fca0000)
  eden space 73216K,   0% used [0x05200000, 0x05200000, 0x09980000)
  from space 9152K,  12% used [0x0a270000, 0x0a387130, 0x0ab60000)
  to   space 9152K,   0% used [0x09980000, 0x09980000, 0x0a270000)
 tenured generation   total 182960K, used 163871K [0x0fca0000, 0x1af4c000, 0x25200000)
   the space 182960K,  89% used [0x0fca0000, 0x19ca7ce8, 0x19ca7e00, 0x1af4c000)
 Metaspace       used 25421K, capacity 25957K, committed 25984K, reserved 25984K
}
Event: 13866.129 GC heap before
{Heap before GC invocations=28 (full 3):
 def new generation   total 82368K, used 74332K [0x05200000, 0x0ab60000, 0x0fca0000)
  eden space 73216K, 100% used [0x05200000, 0x09980000, 0x09980000)
  from space 9152K,  12% used [0x0a270000, 0x0a387130, 0x0ab60000)
  to   space 9152K,   0% used [0x09980000, 0x09980000, 0x0a270000)
 tenured generation   total 182960K, used 163871K [0x0fca0000, 0x1af4c000, 0x25200000)
   the space 182960K,  89% used [0x0fca0000, 0x19ca7ce8, 0x19ca7e00, 0x1af4c000)
 Metaspace       used 25563K, capacity 26122K, committed 26240K, reserved 27008K
Event: 13866.209 GC heap after
Heap after GC invocations=29 (full 3):
 def new generation   total 82368K, used 3444K [0x05200000, 0x0ab60000, 0x0fca0000)
  eden space 73216K,   0% used [0x05200000, 0x05200000, 0x09980000)
  from space 9152K,  37% used [0x09980000, 0x09cdd280, 0x0a270000)
  to   space 9152K,   0% used [0x0a270000, 0x0a270000, 0x0ab60000)
 tenured generation   total 182960K, used 163871K [0x0fca0000, 0x1af4c000, 0x25200000)
   the space 182960K,  89% used [0x0fca0000, 0x19ca7ce8, 0x19ca7e00, 0x1af4c000)
 Metaspace       used 25563K, capacity 26122K, committed 26240K, reserved 27008K
}
Event: 14367.392 GC heap before
{Heap before GC invocations=29 (full 3):
 def new generation   total 82368K, used 76660K [0x05200000, 0x0ab60000, 0x0fca0000)
  eden space 73216K, 100% used [0x05200000, 0x09980000, 0x09980000)
  from space 9152K,  37% used [0x09980000, 0x09cdd280, 0x0a270000)
  to   space 9152K,   0% used [0x0a270000, 0x0a270000, 0x0ab60000)
 tenured generation   total 182960K, used 163871K [0x0fca0000, 0x1af4c000, 0x25200000)
   the space 182960K,  89% used [0x0fca0000, 0x19ca7ce8, 0x19ca7e00, 0x1af4c000)
 Metaspace       used 25574K, capacity 26122K, committed 26240K, reserved 27008K
Event: 14367.399 GC heap after
Heap after GC invocations=30 (full 3):
 def new generation   total 82368K, used 3228K [0x05200000, 0x0ab60000, 0x0fca0000)
  eden space 73216K,   0% used [0x05200000, 0x05200000, 0x09980000)
  from space 9152K,  35% used [0x0a270000, 0x0a5971e0, 0x0ab60000)
  to   space 9152K,   0% used [0x09980000, 0x09980000, 0x0a270000)
 tenured generation   total 182960K, used 163871K [0x0fca0000, 0x1af4c000, 0x25200000)
   the space 182960K,  89% used [0x0fca0000, 0x19ca7ce8, 0x19ca7e00, 0x1af4c000)
 Metaspace       used 25574K, capacity 26122K, committed 26240K, reserved 27008K
}
Event: 16935.048 GC heap before
{Heap before GC invocations=30 (full 3):
 def new generation   total 82368K, used 76444K [0x05200000, 0x0ab60000, 0x0fca0000)
  eden space 73216K, 100% used [0x05200000, 0x09980000, 0x09980000)
  from space 9152K,  35% used [0x0a270000, 0x0a5971e0, 0x0ab60000)
  to   space 9152K,   0% used [0x09980000, 0x09980000, 0x0a270000)
 tenured generation   total 182960K, used 163871K [0x0fca0000, 0x1af4c000, 0x25200000)
   the space 182960K,  89% used [0x0fca0000, 0x19ca7ce8, 0x19ca7e00, 0x1af4c000)
 Metaspace       used 25577K, capacity 26122K, committed 26240K, reserved 27008K
Event: 16935.052 GC heap after
Heap after GC invocations=31 (full 3):
 def new generation   total 82368K, used 3181K [0x05200000, 0x0ab60000, 0x0fca0000)
  eden space 73216K,   0% used [0x05200000, 0x05200000, 0x09980000)
  from space 9152K,  34% used [0x09980000, 0x09c9b7c8, 0x0a270000)
  to   space 9152K,   0% used [0x0a270000, 0x0a270000, 0x0ab60000)
 tenured generation   total 182960K, used 163871K [0x0fca0000, 0x1af4c000, 0x25200000)
   the space 182960K,  89% used [0x0fca0000, 0x19ca7ce8, 0x19ca7e00, 0x1af4c000)
 Metaspace       used 25577K, capacity 26122K, committed 26240K, reserved 27008K
}
Event: 18318.227 GC heap before
{Heap before GC invocations=31 (full 3):
 def new generation   total 82368K, used 76397K [0x05200000, 0x0ab60000, 0x0fca0000)
  eden space 73216K, 100% used [0x05200000, 0x09980000, 0x09980000)
  from space 9152K,  34% used [0x09980000, 0x09c9b7c8, 0x0a270000)
  to   space 9152K,   0% used [0x0a270000, 0x0a270000, 0x0ab60000)
 tenured generation   total 182960K, used 163871K [0x0fca0000, 0x1af4c000, 0x25200000)
   the space 182960K,  89% used [0x0fca0000, 0x19ca7ce8, 0x19ca7e00, 0x1af4c000)
 Metaspace       used 25586K, capacity 26122K, committed 26240K, reserved 27008K
Event: 18319.285 GC heap after
Heap after GC invocations=32 (full 3):
 def new generation   total 82368K, used 9152K [0x05200000, 0x0ab60000, 0x0fca0000)
  eden space 73216K,   0% used [0x05200000, 0x05200000, 0x09980000)
  from space 9152K, 100% used [0x0a270000, 0x0ab60000, 0x0ab60000)
  to   space 9152K,   0% used [0x09980000, 0x09980000, 0x0a270000)
 tenured generation   total 182960K, used 169418K [0x0fca0000, 0x1af4c000, 0x25200000)
   the space 182960K,  92% used [0x0fca0000, 0x1a212a80, 0x1a212c00, 0x1af4c000)
 Metaspace       used 25586K, capacity 26122K, committed 26240K, reserved 27008K
}

